
########2020-06-01 17:19:27.954170 ##########################

Integration Node: IIBNode01  Version: 100020  Platform: WINDOWS ProcessID: 5688  IntegrationNodeUserId: steve IntegrationServer: default

Message Flow: SIMPLE

NodeLabel: SIMPLE.INPUT.OUT
* Environment **************

* LocalEnvironment *********

* Root ***********************
( ['MQROOT' : 0x1bbae785310]
  (0x01000000:Name  ):Properties = ( ['MQPROPERTYPARSER' : 0x1bbae0a0a70]
    (0x03000000:NameValue):MessageSet             = '' (CHARACTER)
    (0x03000000:NameValue):MessageType            = '' (CHARACTER)
    (0x03000000:NameValue):MessageFormat          = '' (CHARACTER)
    (0x03000000:NameValue):Encoding               = 546 (INTEGER)
    (0x03000000:NameValue):CodedCharSetId         = 1208 (INTEGER)
    (0x03000000:NameValue):Transactional          = TRUE (BOOLEAN)
    (0x03000000:NameValue):Persistence            = FALSE (BOOLEAN)
    (0x03000000:NameValue):CreationTime           = GMTTIMESTAMP '2020-06-01 21:19:27.890' (GMTTIMESTAMP)
    (0x03000000:NameValue):ExpirationTime         = -1 (INTEGER)
    (0x03000000:NameValue):Priority               = 0 (INTEGER)
    (0x03000000:NameValue):ReplyIdentifier        = X'000000000000000000000000000000000000000000000000' (BLOB)
    (0x03000000:NameValue):ReplyProtocol          = 'MQ' (CHARACTER)
    (0x03000000:NameValue):Topic                  = NULL
    (0x03000000:NameValue):ContentType            = '' (CHARACTER)
    (0x03000000:NameValue):IdentitySourceType     = '' (CHARACTER)
    (0x03000000:NameValue):IdentitySourceToken    = '' (CHARACTER)
    (0x03000000:NameValue):IdentitySourcePassword = '' (CHARACTER)
    (0x03000000:NameValue):IdentitySourceIssuedBy = '' (CHARACTER)
    (0x03000000:NameValue):IdentityMappedType     = '' (CHARACTER)
    (0x03000000:NameValue):IdentityMappedToken    = '' (CHARACTER)
    (0x03000000:NameValue):IdentityMappedPassword = '' (CHARACTER)
    (0x03000000:NameValue):IdentityMappedIssuedBy = '' (CHARACTER)
  )
  (0x01000000:Name  ):MQMD       = ( ['MQHMD' : 0x1bbae774e10]
    (0x03000000:NameValue):SourceQueue      = 'SIMPLE.IN' (CHARACTER)
    (0x03000000:NameValue):Transactional    = TRUE (BOOLEAN)
    (0x03000000:NameValue):Encoding         = 546 (INTEGER)
    (0x03000000:NameValue):CodedCharSetId   = 1208 (INTEGER)
    (0x03000000:NameValue):Format           = 'MQSTR   ' (CHARACTER)
    (0x03000000:NameValue):Version          = 2 (INTEGER)
    (0x03000000:NameValue):Report           = 0 (INTEGER)
    (0x03000000:NameValue):MsgType          = 8 (INTEGER)
    (0x03000000:NameValue):Expiry           = -1 (INTEGER)
    (0x03000000:NameValue):Feedback         = 0 (INTEGER)
    (0x03000000:NameValue):Priority         = 0 (INTEGER)
    (0x03000000:NameValue):Persistence      = 0 (INTEGER)
    (0x03000000:NameValue):MsgId            = X'414d5120514d303120202020202020208d5ed55e21930c02' (BLOB)
    (0x03000000:NameValue):CorrelId         = X'000000000000000000000000000000000000000000000000' (BLOB)
    (0x03000000:NameValue):BackoutCount     = 0 (INTEGER)
    (0x03000000:NameValue):ReplyToQ         = '                                                ' (CHARACTER)
    (0x03000000:NameValue):ReplyToQMgr      = 'QM01                                            ' (CHARACTER)
    (0x03000000:NameValue):UserIdentifier   = 'steve       ' (CHARACTER)
    (0x03000000:NameValue):AccountingToken  = X'16010515000000c72e2b1476577be7f8d019e5f401000000000000000000000b' (BLOB)
    (0x03000000:NameValue):ApplIdentityData = '                                ' (CHARACTER)
    (0x03000000:NameValue):PutApplType      = 11 (INTEGER)
    (0x03000000:NameValue):PutApplName      = '\IBM\MQ\bin64\MQExplorer.exe' (CHARACTER)
    (0x03000000:NameValue):PutDate          = DATE '2020-06-01' (DATE)
    (0x03000000:NameValue):PutTime          = GMTTIME '21:19:27.890' (GMTTIME)
    (0x03000000:NameValue):ApplOriginData   = '    ' (CHARACTER)
    (0x03000000:NameValue):GroupId          = X'000000000000000000000000000000000000000000000000' (BLOB)
    (0x03000000:NameValue):MsgSeqNumber     = 1 (INTEGER)
    (0x03000000:NameValue):Offset           = 0 (INTEGER)
    (0x03000000:NameValue):MsgFlags         = 0 (INTEGER)
    (0x03000000:NameValue):OriginalLength   = -1 (INTEGER)
  )
  (0x01000000:Folder):XMLNSC     = ( ['xmlnsc' : 0x1b987c2bbe0]
    (0x01000000:Folder):staff = (
      (0x03000000:PCDataField):last_name = 'Jackson' (CHARACTER)
    )
  )
)
* ExceptionList **************

* End ************************
########2020-06-01 17:19:27.973711 ##########################

Integration Node: IIBNode01  Version: 100020  Platform: WINDOWS ProcessID: 5688  IntegrationNodeUserId: steve IntegrationServer: default

Message Flow: SIMPLE

NodeLabel: db01.OUT
* Environment **************
( ['MQROOT' : 0x1bbae786960]
  (0x01000000:Name):staff = (
    (0x03000000:NameValue):staff_id   = 1 (INTEGER)
    (0x03000000:NameValue):first_name = 'Fabiola' (CHARACTER)
    (0x03000000:NameValue):last_name  = 'Jackson' (CHARACTER)
    (0x03000000:NameValue):email      = 'fabiola.jackson@bikes.shop' (CHARACTER)
    (0x03000000:NameValue):phone      = '(831) 555-5554' (CHARACTER)
    (0x03000000:NameValue):active     = 1 (INTEGER)
    (0x03000000:NameValue):store_id   = 1 (INTEGER)
    (0x03000000:NameValue):manager_id = NULL
  )
  (0x01000000:Name):staff = (
    (0x03000000:NameValue):staff_id   = 2 (INTEGER)
    (0x03000000:NameValue):first_name = 'Mireya' (CHARACTER)
    (0x03000000:NameValue):last_name  = 'Copeland' (CHARACTER)
    (0x03000000:NameValue):email      = 'mireya.copeland@bikes.shop' (CHARACTER)
    (0x03000000:NameValue):phone      = '(831) 555-5555' (CHARACTER)
    (0x03000000:NameValue):active     = 1 (INTEGER)
    (0x03000000:NameValue):store_id   = 1 (INTEGER)
    (0x03000000:NameValue):manager_id = 1 (INTEGER)
  )
  (0x01000000:Name):staff = (
    (0x03000000:NameValue):staff_id   = 3 (INTEGER)
    (0x03000000:NameValue):first_name = 'Genna' (CHARACTER)
    (0x03000000:NameValue):last_name  = 'Serrano' (CHARACTER)
    (0x03000000:NameValue):email      = 'genna.serrano@bikes.shop' (CHARACTER)
    (0x03000000:NameValue):phone      = '(831) 555-5556' (CHARACTER)
    (0x03000000:NameValue):active     = 1 (INTEGER)
    (0x03000000:NameValue):store_id   = 1 (INTEGER)
    (0x03000000:NameValue):manager_id = 2 (INTEGER)
  )
  (0x01000000:Name):staff = (
    (0x03000000:NameValue):staff_id   = 4 (INTEGER)
    (0x03000000:NameValue):first_name = 'Virgie' (CHARACTER)
    (0x03000000:NameValue):last_name  = 'Wiggins' (CHARACTER)
    (0x03000000:NameValue):email      = 'virgie.wiggins@bikes.shop' (CHARACTER)
    (0x03000000:NameValue):phone      = '(831) 555-5557' (CHARACTER)
    (0x03000000:NameValue):active     = 1 (INTEGER)
    (0x03000000:NameValue):store_id   = 1 (INTEGER)
    (0x03000000:NameValue):manager_id = 2 (INTEGER)
  )
  (0x01000000:Name):staff = (
    (0x03000000:NameValue):staff_id   = 5 (INTEGER)
    (0x03000000:NameValue):first_name = 'Jannette' (CHARACTER)
    (0x03000000:NameValue):last_name  = 'David' (CHARACTER)
    (0x03000000:NameValue):email      = 'jannette.david@bikes.shop' (CHARACTER)
    (0x03000000:NameValue):phone      = '(516) 379-4444' (CHARACTER)
    (0x03000000:NameValue):active     = 1 (INTEGER)
    (0x03000000:NameValue):store_id   = 2 (INTEGER)
    (0x03000000:NameValue):manager_id = 1 (INTEGER)
  )
  (0x01000000:Name):staff = (
    (0x03000000:NameValue):staff_id   = 6 (INTEGER)
    (0x03000000:NameValue):first_name = 'Marcelene' (CHARACTER)
    (0x03000000:NameValue):last_name  = 'Boyer' (CHARACTER)
    (0x03000000:NameValue):email      = 'marcelene.boyer@bikes.shop' (CHARACTER)
    (0x03000000:NameValue):phone      = '(516) 379-4445' (CHARACTER)
    (0x03000000:NameValue):active     = 1 (INTEGER)
    (0x03000000:NameValue):store_id   = 2 (INTEGER)
    (0x03000000:NameValue):manager_id = 5 (INTEGER)
  )
  (0x01000000:Name):staff = (
    (0x03000000:NameValue):staff_id   = 7 (INTEGER)
    (0x03000000:NameValue):first_name = 'Venita' (CHARACTER)
    (0x03000000:NameValue):last_name  = 'Daniel' (CHARACTER)
    (0x03000000:NameValue):email      = 'venita.daniel@bikes.shop' (CHARACTER)
    (0x03000000:NameValue):phone      = '(516) 379-4446' (CHARACTER)
    (0x03000000:NameValue):active     = 1 (INTEGER)
    (0x03000000:NameValue):store_id   = 2 (INTEGER)
    (0x03000000:NameValue):manager_id = 5 (INTEGER)
  )
  (0x01000000:Name):staff = (
    (0x03000000:NameValue):staff_id   = 8 (INTEGER)
    (0x03000000:NameValue):first_name = 'Kali' (CHARACTER)
    (0x03000000:NameValue):last_name  = 'Vargas' (CHARACTER)
    (0x03000000:NameValue):email      = 'kali.vargas@bikes.shop' (CHARACTER)
    (0x03000000:NameValue):phone      = '(972) 530-5555' (CHARACTER)
    (0x03000000:NameValue):active     = 1 (INTEGER)
    (0x03000000:NameValue):store_id   = 3 (INTEGER)
    (0x03000000:NameValue):manager_id = 1 (INTEGER)
  )
  (0x01000000:Name):staff = (
    (0x03000000:NameValue):staff_id   = 9 (INTEGER)
    (0x03000000:NameValue):first_name = 'Layla' (CHARACTER)
    (0x03000000:NameValue):last_name  = 'Terrell' (CHARACTER)
    (0x03000000:NameValue):email      = 'layla.terrell@bikes.shop' (CHARACTER)
    (0x03000000:NameValue):phone      = '(972) 530-5556' (CHARACTER)
    (0x03000000:NameValue):active     = 1 (INTEGER)
    (0x03000000:NameValue):store_id   = 3 (INTEGER)
    (0x03000000:NameValue):manager_id = 7 (INTEGER)
  )
  (0x01000000:Name):staff = (
    (0x03000000:NameValue):staff_id   = 10 (INTEGER)
    (0x03000000:NameValue):first_name = 'Bernardine' (CHARACTER)
    (0x03000000:NameValue):last_name  = 'Houston' (CHARACTER)
    (0x03000000:NameValue):email      = 'bernardine.houston@bikes.shop' (CHARACTER)
    (0x03000000:NameValue):phone      = '(972) 530-5557' (CHARACTER)
    (0x03000000:NameValue):active     = 1 (INTEGER)
    (0x03000000:NameValue):store_id   = 3 (INTEGER)
    (0x03000000:NameValue):manager_id = 7 (INTEGER)
  )
)
* LocalEnvironment *********

* Root ***********************
( ['MQROOT' : 0x1bbae785640]
  (0x01000000:Name      ):Properties = ( ['MQPROPERTYPARSER' : 0x1bbadf381b0]
    (0x03000000:NameValue):MessageSet             = '' (CHARACTER)
    (0x03000000:NameValue):MessageType            = '' (CHARACTER)
    (0x03000000:NameValue):MessageFormat          = '' (CHARACTER)
    (0x03000000:NameValue):Encoding               = 546 (INTEGER)
    (0x03000000:NameValue):CodedCharSetId         = 1208 (INTEGER)
    (0x03000000:NameValue):Transactional          = TRUE (BOOLEAN)
    (0x03000000:NameValue):Persistence            = FALSE (BOOLEAN)
    (0x03000000:NameValue):CreationTime           = GMTTIMESTAMP '2020-06-01 21:19:27.890' (GMTTIMESTAMP)
    (0x03000000:NameValue):ExpirationTime         = -1 (INTEGER)
    (0x03000000:NameValue):Priority               = 0 (INTEGER)
    (0x03000000:NameValue):ReplyIdentifier        = X'000000000000000000000000000000000000000000000000' (BLOB)
    (0x03000000:NameValue):ReplyProtocol          = 'MQ' (CHARACTER)
    (0x03000000:NameValue):Topic                  = NULL
    (0x03000000:NameValue):ContentType            = '' (CHARACTER)
    (0x03000000:NameValue):IdentitySourceType     = '' (CHARACTER)
    (0x03000000:NameValue):IdentitySourceToken    = '' (CHARACTER)
    (0x03000000:NameValue):IdentitySourcePassword = '' (CHARACTER)
    (0x03000000:NameValue):IdentitySourceIssuedBy = '' (CHARACTER)
    (0x03000000:NameValue):IdentityMappedType     = '' (CHARACTER)
    (0x03000000:NameValue):IdentityMappedToken    = '' (CHARACTER)
    (0x03000000:NameValue):IdentityMappedPassword = '' (CHARACTER)
    (0x03000000:NameValue):IdentityMappedIssuedBy = '' (CHARACTER)
  )
  (0x01000000:Name      ):MQMD       = ( ['MQHMD' : 0x1bbae7751c0]
    (0x03000000:NameValue):SourceQueue      = 'SIMPLE.IN' (CHARACTER)
    (0x03000000:NameValue):Transactional    = TRUE (BOOLEAN)
    (0x03000000:NameValue):Encoding         = 546 (INTEGER)
    (0x03000000:NameValue):CodedCharSetId   = 1208 (INTEGER)
    (0x03000000:NameValue):Format           = 'MQSTR   ' (CHARACTER)
    (0x03000000:NameValue):Version          = 2 (INTEGER)
    (0x03000000:NameValue):Report           = 0 (INTEGER)
    (0x03000000:NameValue):MsgType          = 8 (INTEGER)
    (0x03000000:NameValue):Expiry           = -1 (INTEGER)
    (0x03000000:NameValue):Feedback         = 0 (INTEGER)
    (0x03000000:NameValue):Priority         = 0 (INTEGER)
    (0x03000000:NameValue):Persistence      = 0 (INTEGER)
    (0x03000000:NameValue):MsgId            = X'414d5120514d303120202020202020208d5ed55e21930c02' (BLOB)
    (0x03000000:NameValue):CorrelId         = X'000000000000000000000000000000000000000000000000' (BLOB)
    (0x03000000:NameValue):BackoutCount     = 0 (INTEGER)
    (0x03000000:NameValue):ReplyToQ         = '                                                ' (CHARACTER)
    (0x03000000:NameValue):ReplyToQMgr      = 'QM01                                            ' (CHARACTER)
    (0x03000000:NameValue):UserIdentifier   = 'steve       ' (CHARACTER)
    (0x03000000:NameValue):AccountingToken  = X'16010515000000c72e2b1476577be7f8d019e5f401000000000000000000000b' (BLOB)
    (0x03000000:NameValue):ApplIdentityData = '                                ' (CHARACTER)
    (0x03000000:NameValue):PutApplType      = 11 (INTEGER)
    (0x03000000:NameValue):PutApplName      = '\IBM\MQ\bin64\MQExplorer.exe' (CHARACTER)
    (0x03000000:NameValue):PutDate          = DATE '2020-06-01' (DATE)
    (0x03000000:NameValue):PutTime          = GMTTIME '21:19:27.890' (GMTTIME)
    (0x03000000:NameValue):ApplOriginData   = '    ' (CHARACTER)
    (0x03000000:NameValue):GroupId          = X'000000000000000000000000000000000000000000000000' (BLOB)
    (0x03000000:NameValue):MsgSeqNumber     = 1 (INTEGER)
    (0x03000000:NameValue):Offset           = 0 (INTEGER)
    (0x03000000:NameValue):MsgFlags         = 0 (INTEGER)
    (0x03000000:NameValue):OriginalLength   = -1 (INTEGER)
  )
  (0x01000000:Folder    ):XMLNSC     = ( ['xmlnsc' : 0x1bbae0a1710]
    (0x01000000:Folder):Staff = 
  )
  (0x01000010:ParserRoot):XML        = ( ['xml' : 0x1bbac816310]
    (0x01000000:Element):Staff = (
      (0x01000000:Element):staff = (
        (0x01000000:Element):staff_id   = (
          (0x02000000:pcdata): = 1 (INTEGER)
        )
        (0x01000000:Element):first_name = (
          (0x02000000:pcdata): = 'Fabiola' (CHARACTER)
        )
        (0x01000000:Element):last_name  = (
          (0x02000000:pcdata): = 'Jackson' (CHARACTER)
        )
        (0x01000000:Element):email      = (
          (0x02000000:pcdata): = 'fabiola.jackson@bikes.shop' (CHARACTER)
        )
        (0x01000000:Element):phone      = (
          (0x02000000:pcdata): = '(831) 555-5554' (CHARACTER)
        )
        (0x01000000:Element):active     = (
          (0x02000000:pcdata): = 1 (INTEGER)
        )
        (0x01000000:Element):store_id   = (
          (0x02000000:pcdata): = 1 (INTEGER)
        )
        (0x01000000:Element):manager_id = (
          (0x02000000:pcdata): = NULL
        )
      )
      (0x01000000:Element):staff = (
        (0x01000000:Element):staff_id   = (
          (0x02000000:pcdata): = 2 (INTEGER)
        )
        (0x01000000:Element):first_name = (
          (0x02000000:pcdata): = 'Mireya' (CHARACTER)
        )
        (0x01000000:Element):last_name  = (
          (0x02000000:pcdata): = 'Copeland' (CHARACTER)
        )
        (0x01000000:Element):email      = (
          (0x02000000:pcdata): = 'mireya.copeland@bikes.shop' (CHARACTER)
        )
        (0x01000000:Element):phone      = (
          (0x02000000:pcdata): = '(831) 555-5555' (CHARACTER)
        )
        (0x01000000:Element):active     = (
          (0x02000000:pcdata): = 1 (INTEGER)
        )
        (0x01000000:Element):store_id   = (
          (0x02000000:pcdata): = 1 (INTEGER)
        )
        (0x01000000:Element):manager_id = (
          (0x02000000:pcdata): = 1 (INTEGER)
        )
      )
      (0x01000000:Element):staff = (
        (0x01000000:Element):staff_id   = (
          (0x02000000:pcdata): = 3 (INTEGER)
        )
        (0x01000000:Element):first_name = (
          (0x02000000:pcdata): = 'Genna' (CHARACTER)
        )
        (0x01000000:Element):last_name  = (
          (0x02000000:pcdata): = 'Serrano' (CHARACTER)
        )
        (0x01000000:Element):email      = (
          (0x02000000:pcdata): = 'genna.serrano@bikes.shop' (CHARACTER)
        )
        (0x01000000:Element):phone      = (
          (0x02000000:pcdata): = '(831) 555-5556' (CHARACTER)
        )
        (0x01000000:Element):active     = (
          (0x02000000:pcdata): = 1 (INTEGER)
        )
        (0x01000000:Element):store_id   = (
          (0x02000000:pcdata): = 1 (INTEGER)
        )
        (0x01000000:Element):manager_id = (
          (0x02000000:pcdata): = 2 (INTEGER)
        )
      )
      (0x01000000:Element):staff = (
        (0x01000000:Element):staff_id   = (
          (0x02000000:pcdata): = 4 (INTEGER)
        )
        (0x01000000:Element):first_name = (
          (0x02000000:pcdata): = 'Virgie' (CHARACTER)
        )
        (0x01000000:Element):last_name  = (
          (0x02000000:pcdata): = 'Wiggins' (CHARACTER)
        )
        (0x01000000:Element):email      = (
          (0x02000000:pcdata): = 'virgie.wiggins@bikes.shop' (CHARACTER)
        )
        (0x01000000:Element):phone      = (
          (0x02000000:pcdata): = '(831) 555-5557' (CHARACTER)
        )
        (0x01000000:Element):active     = (
          (0x02000000:pcdata): = 1 (INTEGER)
        )
        (0x01000000:Element):store_id   = (
          (0x02000000:pcdata): = 1 (INTEGER)
        )
        (0x01000000:Element):manager_id = (
          (0x02000000:pcdata): = 2 (INTEGER)
        )
      )
      (0x01000000:Element):staff = (
        (0x01000000:Element):staff_id   = (
          (0x02000000:pcdata): = 5 (INTEGER)
        )
        (0x01000000:Element):first_name = (
          (0x02000000:pcdata): = 'Jannette' (CHARACTER)
        )
        (0x01000000:Element):last_name  = (
          (0x02000000:pcdata): = 'David' (CHARACTER)
        )
        (0x01000000:Element):email      = (
          (0x02000000:pcdata): = 'jannette.david@bikes.shop' (CHARACTER)
        )
        (0x01000000:Element):phone      = (
          (0x02000000:pcdata): = '(516) 379-4444' (CHARACTER)
        )
        (0x01000000:Element):active     = (
          (0x02000000:pcdata): = 1 (INTEGER)
        )
        (0x01000000:Element):store_id   = (
          (0x02000000:pcdata): = 2 (INTEGER)
        )
        (0x01000000:Element):manager_id = (
          (0x02000000:pcdata): = 1 (INTEGER)
        )
      )
      (0x01000000:Element):staff = (
        (0x01000000:Element):staff_id   = (
          (0x02000000:pcdata): = 6 (INTEGER)
        )
        (0x01000000:Element):first_name = (
          (0x02000000:pcdata): = 'Marcelene' (CHARACTER)
        )
        (0x01000000:Element):last_name  = (
          (0x02000000:pcdata): = 'Boyer' (CHARACTER)
        )
        (0x01000000:Element):email      = (
          (0x02000000:pcdata): = 'marcelene.boyer@bikes.shop' (CHARACTER)
        )
        (0x01000000:Element):phone      = (
          (0x02000000:pcdata): = '(516) 379-4445' (CHARACTER)
        )
        (0x01000000:Element):active     = (
          (0x02000000:pcdata): = 1 (INTEGER)
        )
        (0x01000000:Element):store_id   = (
          (0x02000000:pcdata): = 2 (INTEGER)
        )
        (0x01000000:Element):manager_id = (
          (0x02000000:pcdata): = 5 (INTEGER)
        )
      )
      (0x01000000:Element):staff = (
        (0x01000000:Element):staff_id   = (
          (0x02000000:pcdata): = 7 (INTEGER)
        )
        (0x01000000:Element):first_name = (
          (0x02000000:pcdata): = 'Venita' (CHARACTER)
        )
        (0x01000000:Element):last_name  = (
          (0x02000000:pcdata): = 'Daniel' (CHARACTER)
        )
        (0x01000000:Element):email      = (
          (0x02000000:pcdata): = 'venita.daniel@bikes.shop' (CHARACTER)
        )
        (0x01000000:Element):phone      = (
          (0x02000000:pcdata): = '(516) 379-4446' (CHARACTER)
        )
        (0x01000000:Element):active     = (
          (0x02000000:pcdata): = 1 (INTEGER)
        )
        (0x01000000:Element):store_id   = (
          (0x02000000:pcdata): = 2 (INTEGER)
        )
        (0x01000000:Element):manager_id = (
          (0x02000000:pcdata): = 5 (INTEGER)
        )
      )
      (0x01000000:Element):staff = (
        (0x01000000:Element):staff_id   = (
          (0x02000000:pcdata): = 8 (INTEGER)
        )
        (0x01000000:Element):first_name = (
          (0x02000000:pcdata): = 'Kali' (CHARACTER)
        )
        (0x01000000:Element):last_name  = (
          (0x02000000:pcdata): = 'Vargas' (CHARACTER)
        )
        (0x01000000:Element):email      = (
          (0x02000000:pcdata): = 'kali.vargas@bikes.shop' (CHARACTER)
        )
        (0x01000000:Element):phone      = (
          (0x02000000:pcdata): = '(972) 530-5555' (CHARACTER)
        )
        (0x01000000:Element):active     = (
          (0x02000000:pcdata): = 1 (INTEGER)
        )
        (0x01000000:Element):store_id   = (
          (0x02000000:pcdata): = 3 (INTEGER)
        )
        (0x01000000:Element):manager_id = (
          (0x02000000:pcdata): = 1 (INTEGER)
        )
      )
      (0x01000000:Element):staff = (
        (0x01000000:Element):staff_id   = (
          (0x02000000:pcdata): = 9 (INTEGER)
        )
        (0x01000000:Element):first_name = (
          (0x02000000:pcdata): = 'Layla' (CHARACTER)
        )
        (0x01000000:Element):last_name  = (
          (0x02000000:pcdata): = 'Terrell' (CHARACTER)
        )
        (0x01000000:Element):email      = (
          (0x02000000:pcdata): = 'layla.terrell@bikes.shop' (CHARACTER)
        )
        (0x01000000:Element):phone      = (
          (0x02000000:pcdata): = '(972) 530-5556' (CHARACTER)
        )
        (0x01000000:Element):active     = (
          (0x02000000:pcdata): = 1 (INTEGER)
        )
        (0x01000000:Element):store_id   = (
          (0x02000000:pcdata): = 3 (INTEGER)
        )
        (0x01000000:Element):manager_id = (
          (0x02000000:pcdata): = 7 (INTEGER)
        )
      )
      (0x01000000:Element):staff = (
        (0x01000000:Element):staff_id   = (
          (0x02000000:pcdata): = 10 (INTEGER)
        )
        (0x01000000:Element):first_name = (
          (0x02000000:pcdata): = 'Bernardine' (CHARACTER)
        )
        (0x01000000:Element):last_name  = (
          (0x02000000:pcdata): = 'Houston' (CHARACTER)
        )
        (0x01000000:Element):email      = (
          (0x02000000:pcdata): = 'bernardine.houston@bikes.shop' (CHARACTER)
        )
        (0x01000000:Element):phone      = (
          (0x02000000:pcdata): = '(972) 530-5557' (CHARACTER)
        )
        (0x01000000:Element):active     = (
          (0x02000000:pcdata): = 1 (INTEGER)
        )
        (0x01000000:Element):store_id   = (
          (0x02000000:pcdata): = 3 (INTEGER)
        )
        (0x01000000:Element):manager_id = (
          (0x02000000:pcdata): = 7 (INTEGER)
        )
      )
    )
  )
)
* ExceptionList **************

* End ************************
########2020-06-01 17:28:39.042651 ##########################

Integration Node: IIBNode01  Version: 100020  Platform: WINDOWS ProcessID: 5688  IntegrationNodeUserId: steve IntegrationServer: default

Message Flow: SIMPLE

NodeLabel: SIMPLE.INPUT.OUT
* Environment **************

* LocalEnvironment *********

* Root ***********************
( ['MQROOT' : 0x1bbae785310]
  (0x01000000:Name  ):Properties = ( ['MQPROPERTYPARSER' : 0x1bbaddd3570]
    (0x03000000:NameValue):MessageSet             = '' (CHARACTER)
    (0x03000000:NameValue):MessageType            = '' (CHARACTER)
    (0x03000000:NameValue):MessageFormat          = '' (CHARACTER)
    (0x03000000:NameValue):Encoding               = 546 (INTEGER)
    (0x03000000:NameValue):CodedCharSetId         = 1208 (INTEGER)
    (0x03000000:NameValue):Transactional          = TRUE (BOOLEAN)
    (0x03000000:NameValue):Persistence            = FALSE (BOOLEAN)
    (0x03000000:NameValue):CreationTime           = GMTTIMESTAMP '2020-06-01 21:28:38.960' (GMTTIMESTAMP)
    (0x03000000:NameValue):ExpirationTime         = -1 (INTEGER)
    (0x03000000:NameValue):Priority               = 0 (INTEGER)
    (0x03000000:NameValue):ReplyIdentifier        = X'000000000000000000000000000000000000000000000000' (BLOB)
    (0x03000000:NameValue):ReplyProtocol          = 'MQ' (CHARACTER)
    (0x03000000:NameValue):Topic                  = NULL
    (0x03000000:NameValue):ContentType            = '' (CHARACTER)
    (0x03000000:NameValue):IdentitySourceType     = '' (CHARACTER)
    (0x03000000:NameValue):IdentitySourceToken    = '' (CHARACTER)
    (0x03000000:NameValue):IdentitySourcePassword = '' (CHARACTER)
    (0x03000000:NameValue):IdentitySourceIssuedBy = '' (CHARACTER)
    (0x03000000:NameValue):IdentityMappedType     = '' (CHARACTER)
    (0x03000000:NameValue):IdentityMappedToken    = '' (CHARACTER)
    (0x03000000:NameValue):IdentityMappedPassword = '' (CHARACTER)
    (0x03000000:NameValue):IdentityMappedIssuedBy = '' (CHARACTER)
  )
  (0x01000000:Name  ):MQMD       = ( ['MQHMD' : 0x1bbae773f50]
    (0x03000000:NameValue):SourceQueue      = 'SIMPLE.IN' (CHARACTER)
    (0x03000000:NameValue):Transactional    = TRUE (BOOLEAN)
    (0x03000000:NameValue):Encoding         = 546 (INTEGER)
    (0x03000000:NameValue):CodedCharSetId   = 1208 (INTEGER)
    (0x03000000:NameValue):Format           = 'MQSTR   ' (CHARACTER)
    (0x03000000:NameValue):Version          = 2 (INTEGER)
    (0x03000000:NameValue):Report           = 0 (INTEGER)
    (0x03000000:NameValue):MsgType          = 8 (INTEGER)
    (0x03000000:NameValue):Expiry           = -1 (INTEGER)
    (0x03000000:NameValue):Feedback         = 0 (INTEGER)
    (0x03000000:NameValue):Priority         = 0 (INTEGER)
    (0x03000000:NameValue):Persistence      = 0 (INTEGER)
    (0x03000000:NameValue):MsgId            = X'414d5120514d303120202020202020208d5ed55e21932402' (BLOB)
    (0x03000000:NameValue):CorrelId         = X'000000000000000000000000000000000000000000000000' (BLOB)
    (0x03000000:NameValue):BackoutCount     = 0 (INTEGER)
    (0x03000000:NameValue):ReplyToQ         = '                                                ' (CHARACTER)
    (0x03000000:NameValue):ReplyToQMgr      = 'QM01                                            ' (CHARACTER)
    (0x03000000:NameValue):UserIdentifier   = 'steve       ' (CHARACTER)
    (0x03000000:NameValue):AccountingToken  = X'16010515000000c72e2b1476577be7f8d019e5f401000000000000000000000b' (BLOB)
    (0x03000000:NameValue):ApplIdentityData = '                                ' (CHARACTER)
    (0x03000000:NameValue):PutApplType      = 11 (INTEGER)
    (0x03000000:NameValue):PutApplName      = '\IBM\MQ\bin64\MQExplorer.exe' (CHARACTER)
    (0x03000000:NameValue):PutDate          = DATE '2020-06-01' (DATE)
    (0x03000000:NameValue):PutTime          = GMTTIME '21:28:38.960' (GMTTIME)
    (0x03000000:NameValue):ApplOriginData   = '    ' (CHARACTER)
    (0x03000000:NameValue):GroupId          = X'000000000000000000000000000000000000000000000000' (BLOB)
    (0x03000000:NameValue):MsgSeqNumber     = 1 (INTEGER)
    (0x03000000:NameValue):Offset           = 0 (INTEGER)
    (0x03000000:NameValue):MsgFlags         = 0 (INTEGER)
    (0x03000000:NameValue):OriginalLength   = -1 (INTEGER)
  )
  (0x01000000:Folder):XMLNSC     = ( ['xmlnsc' : 0x1bbaddd4210]
    (0x01000000:Folder):staff = (
      (0x03000000:PCDataField):last_name = 'Jackson' (CHARACTER)
    )
  )
)
* ExceptionList **************

* End ************************
########2020-06-01 17:28:39.302999 ##########################

Integration Node: IIBNode01  Version: 100020  Platform: WINDOWS ProcessID: 5688  IntegrationNodeUserId: steve IntegrationServer: default

Message Flow: SIMPLE

NodeLabel: db01.OUT
* Environment **************
( ['MQROOT' : 0x1bbae785640]
  (0x01000000:Name):staff = (
    (0x03000000:NameValue):staff_id   = 1 (INTEGER)
    (0x03000000:NameValue):first_name = 'Fabiola' (CHARACTER)
    (0x03000000:NameValue):last_name  = 'Jackson' (CHARACTER)
    (0x03000000:NameValue):email      = 'fabiola.jackson@bikes.shop' (CHARACTER)
    (0x03000000:NameValue):phone      = '(831) 555-5554' (CHARACTER)
    (0x03000000:NameValue):active     = 1 (INTEGER)
    (0x03000000:NameValue):store_id   = 1 (INTEGER)
    (0x03000000:NameValue):manager_id = NULL
  )
)
* LocalEnvironment *********

* Root ***********************
( ['MQROOT' : 0x1bbae784fe0]
  (0x01000000:Name      ):Properties = ( ['MQPROPERTYPARSER' : 0x1bbae8a9190]
    (0x03000000:NameValue):MessageSet             = '' (CHARACTER)
    (0x03000000:NameValue):MessageType            = '' (CHARACTER)
    (0x03000000:NameValue):MessageFormat          = '' (CHARACTER)
    (0x03000000:NameValue):Encoding               = 546 (INTEGER)
    (0x03000000:NameValue):CodedCharSetId         = 1208 (INTEGER)
    (0x03000000:NameValue):Transactional          = TRUE (BOOLEAN)
    (0x03000000:NameValue):Persistence            = FALSE (BOOLEAN)
    (0x03000000:NameValue):CreationTime           = GMTTIMESTAMP '2020-06-01 21:28:38.960' (GMTTIMESTAMP)
    (0x03000000:NameValue):ExpirationTime         = -1 (INTEGER)
    (0x03000000:NameValue):Priority               = 0 (INTEGER)
    (0x03000000:NameValue):ReplyIdentifier        = X'000000000000000000000000000000000000000000000000' (BLOB)
    (0x03000000:NameValue):ReplyProtocol          = 'MQ' (CHARACTER)
    (0x03000000:NameValue):Topic                  = NULL
    (0x03000000:NameValue):ContentType            = '' (CHARACTER)
    (0x03000000:NameValue):IdentitySourceType     = '' (CHARACTER)
    (0x03000000:NameValue):IdentitySourceToken    = '' (CHARACTER)
    (0x03000000:NameValue):IdentitySourcePassword = '' (CHARACTER)
    (0x03000000:NameValue):IdentitySourceIssuedBy = '' (CHARACTER)
    (0x03000000:NameValue):IdentityMappedType     = '' (CHARACTER)
    (0x03000000:NameValue):IdentityMappedToken    = '' (CHARACTER)
    (0x03000000:NameValue):IdentityMappedPassword = '' (CHARACTER)
    (0x03000000:NameValue):IdentityMappedIssuedBy = '' (CHARACTER)
  )
  (0x01000000:Name      ):MQMD       = ( ['MQHMD' : 0x1bbae774e10]
    (0x03000000:NameValue):SourceQueue      = 'SIMPLE.IN' (CHARACTER)
    (0x03000000:NameValue):Transactional    = TRUE (BOOLEAN)
    (0x03000000:NameValue):Encoding         = 546 (INTEGER)
    (0x03000000:NameValue):CodedCharSetId   = 1208 (INTEGER)
    (0x03000000:NameValue):Format           = 'MQSTR   ' (CHARACTER)
    (0x03000000:NameValue):Version          = 2 (INTEGER)
    (0x03000000:NameValue):Report           = 0 (INTEGER)
    (0x03000000:NameValue):MsgType          = 8 (INTEGER)
    (0x03000000:NameValue):Expiry           = -1 (INTEGER)
    (0x03000000:NameValue):Feedback         = 0 (INTEGER)
    (0x03000000:NameValue):Priority         = 0 (INTEGER)
    (0x03000000:NameValue):Persistence      = 0 (INTEGER)
    (0x03000000:NameValue):MsgId            = X'414d5120514d303120202020202020208d5ed55e21932402' (BLOB)
    (0x03000000:NameValue):CorrelId         = X'000000000000000000000000000000000000000000000000' (BLOB)
    (0x03000000:NameValue):BackoutCount     = 0 (INTEGER)
    (0x03000000:NameValue):ReplyToQ         = '                                                ' (CHARACTER)
    (0x03000000:NameValue):ReplyToQMgr      = 'QM01                                            ' (CHARACTER)
    (0x03000000:NameValue):UserIdentifier   = 'steve       ' (CHARACTER)
    (0x03000000:NameValue):AccountingToken  = X'16010515000000c72e2b1476577be7f8d019e5f401000000000000000000000b' (BLOB)
    (0x03000000:NameValue):ApplIdentityData = '                                ' (CHARACTER)
    (0x03000000:NameValue):PutApplType      = 11 (INTEGER)
    (0x03000000:NameValue):PutApplName      = '\IBM\MQ\bin64\MQExplorer.exe' (CHARACTER)
    (0x03000000:NameValue):PutDate          = DATE '2020-06-01' (DATE)
    (0x03000000:NameValue):PutTime          = GMTTIME '21:28:38.960' (GMTTIME)
    (0x03000000:NameValue):ApplOriginData   = '    ' (CHARACTER)
    (0x03000000:NameValue):GroupId          = X'000000000000000000000000000000000000000000000000' (BLOB)
    (0x03000000:NameValue):MsgSeqNumber     = 1 (INTEGER)
    (0x03000000:NameValue):Offset           = 0 (INTEGER)
    (0x03000000:NameValue):MsgFlags         = 0 (INTEGER)
    (0x03000000:NameValue):OriginalLength   = -1 (INTEGER)
  )
  (0x01000000:Folder    ):XMLNSC     = ( ['xmlnsc' : 0x1bbadb26100]
    (0x01000000:Folder):Staff = 
  )
  (0x01000010:ParserRoot):XML        = ( ['xml' : 0x1bbac816310]
    (0x01000000:Element):Staff = (
      (0x01000000:Element):staff = (
        (0x01000000:Element):staff_id   = (
          (0x02000000:pcdata): = 1 (INTEGER)
        )
        (0x01000000:Element):first_name = (
          (0x02000000:pcdata): = 'Fabiola' (CHARACTER)
        )
        (0x01000000:Element):last_name  = (
          (0x02000000:pcdata): = 'Jackson' (CHARACTER)
        )
        (0x01000000:Element):email      = (
          (0x02000000:pcdata): = 'fabiola.jackson@bikes.shop' (CHARACTER)
        )
        (0x01000000:Element):phone      = (
          (0x02000000:pcdata): = '(831) 555-5554' (CHARACTER)
        )
        (0x01000000:Element):active     = (
          (0x02000000:pcdata): = 1 (INTEGER)
        )
        (0x01000000:Element):store_id   = (
          (0x02000000:pcdata): = 1 (INTEGER)
        )
        (0x01000000:Element):manager_id = (
          (0x02000000:pcdata): = NULL
        )
      )
    )
  )
)
* ExceptionList **************

* End ************************
